[     128ms] [WARNING] Failed to decode downloaded font: http://localhost:5173/fonts/scheherazade-new.woff2 @ http://localhost:5173/:0
[     128ms] [WARNING] OTS parsing error: invalid sfntVersion: 1008821359 @ http://localhost:5173/:0
[     128ms] [WARNING] Failed to decode downloaded font: http://localhost:5173/fonts/noto-naskh-arabic-variable.woff2 @ http://localhost:5173/:0
[     128ms] [WARNING] OTS parsing error: invalid sfntVersion: 1008821359 @ http://localhost:5173/:0
[     140ms] [WARNING] ⚠️ React Router Future Flag Warning: React Router will begin wrapping state updates in `React.startTransition` in v7. You can use the `v7_startTransition` future flag to opt-in early. For more information, see https://reactrouter.com/v6/upgrading/future#v7_starttransition. @ http://localhost:5173/node_modules/.vite/deps/react-router-dom.js?v=7eccb16a:4433
[    5651ms] [WARNING] Failed to decode downloaded font: http://localhost:5173/fonts/scheherazade-new.woff2 @ http://localhost:5173/tracker:0
[    5651ms] [WARNING] OTS parsing error: invalid sfntVersion: 1008821359 @ http://localhost:5173/tracker:0
[    5651ms] [WARNING] Failed to decode downloaded font: http://localhost:5173/fonts/noto-naskh-arabic-variable.woff2 @ http://localhost:5173/tracker:0
[    5651ms] [WARNING] OTS parsing error: invalid sfntVersion: 1008821359 @ http://localhost:5173/tracker:0
[    5658ms] [WARNING] ⚠️ React Router Future Flag Warning: React Router will begin wrapping state updates in `React.startTransition` in v7. You can use the `v7_startTransition` future flag to opt-in early. For more information, see https://reactrouter.com/v6/upgrading/future#v7_starttransition. @ http://localhost:5173/node_modules/.vite/deps/react-router-dom.js?v=7eccb16a:4433
[   16126ms] [WARNING] Failed to decode downloaded font: http://localhost:5173/fonts/scheherazade-new.woff2 @ http://localhost:5173/adhkar:0
[   16126ms] [WARNING] OTS parsing error: invalid sfntVersion: 1008821359 @ http://localhost:5173/adhkar:0
[   16126ms] [WARNING] Failed to decode downloaded font: http://localhost:5173/fonts/noto-naskh-arabic-variable.woff2 @ http://localhost:5173/adhkar:0
[   16126ms] [WARNING] OTS parsing error: invalid sfntVersion: 1008821359 @ http://localhost:5173/adhkar:0
[   16146ms] [WARNING] ⚠️ React Router Future Flag Warning: React Router will begin wrapping state updates in `React.startTransition` in v7. You can use the `v7_startTransition` future flag to opt-in early. For more information, see https://reactrouter.com/v6/upgrading/future#v7_starttransition. @ http://localhost:5173/node_modules/.vite/deps/react-router-dom.js?v=7eccb16a:4433
[   73024ms] [WARNING] Failed to decode downloaded font: http://localhost:5173/fonts/scheherazade-new.woff2 @ http://localhost:5173/settings:0
[   73024ms] [WARNING] OTS parsing error: invalid sfntVersion: 1008821359 @ http://localhost:5173/settings:0
[   73024ms] [WARNING] Failed to decode downloaded font: http://localhost:5173/fonts/noto-naskh-arabic-variable.woff2 @ http://localhost:5173/settings:0
[   73024ms] [WARNING] OTS parsing error: invalid sfntVersion: 1008821359 @ http://localhost:5173/settings:0
[   73032ms] [WARNING] ⚠️ React Router Future Flag Warning: React Router will begin wrapping state updates in `React.startTransition` in v7. You can use the `v7_startTransition` future flag to opt-in early. For more information, see https://reactrouter.com/v6/upgrading/future#v7_starttransition. @ http://localhost:5173/node_modules/.vite/deps/react-router-dom.js?v=7eccb16a:4433
[  108892ms] [ERROR] Failed to load resource: the server responded with a status of 500 (Internal Server Error) @ http://localhost:5173/src/pages/TrackerPage.tsx?t=1770755617912:0
[  108892ms] [ERROR] [vite] Failed to reload /src/pages/TrackerPage.tsx. This could be due to syntax errors or importing non-existent modules. (see errors above) @ http://localhost:5173/@vite/client:881
[  109449ms] [ERROR] Failed to load resource: the server responded with a status of 500 (Internal Server Error) @ http://localhost:5173/src/pages/TrackerPage.tsx?t=1770755617912:0
[  110675ms] [WARNING] Failed to decode downloaded font: http://localhost:5173/fonts/scheherazade-new.woff2 @ http://localhost:5173/settings:0
[  110675ms] [WARNING] OTS parsing error: invalid sfntVersion: 1008821359 @ http://localhost:5173/settings:0
[  110675ms] [WARNING] Failed to decode downloaded font: http://localhost:5173/fonts/noto-naskh-arabic-variable.woff2 @ http://localhost:5173/settings:0
[  110675ms] [WARNING] OTS parsing error: invalid sfntVersion: 1008821359 @ http://localhost:5173/settings:0
[  110691ms] [WARNING] ⚠️ React Router Future Flag Warning: React Router will begin wrapping state updates in `React.startTransition` in v7. You can use the `v7_startTransition` future flag to opt-in early. For more information, see https://reactrouter.com/v6/upgrading/future#v7_starttransition. @ http://localhost:5173/node_modules/.vite/deps/react-router-dom.js?v=20ae4a60:4435
[  350796ms] [WARNING] Failed to decode downloaded font: http://localhost:5173/fonts/scheherazade-new.woff2 @ http://localhost:5173/settings:0
[  350796ms] [WARNING] OTS parsing error: invalid sfntVersion: 1008821359 @ http://localhost:5173/settings:0
[  350796ms] [WARNING] Failed to decode downloaded font: http://localhost:5173/fonts/noto-naskh-arabic-variable.woff2 @ http://localhost:5173/settings:0
[  350796ms] [WARNING] OTS parsing error: invalid sfntVersion: 1008821359 @ http://localhost:5173/settings:0
[  350822ms] [WARNING] ⚠️ React Router Future Flag Warning: React Router will begin wrapping state updates in `React.startTransition` in v7. You can use the `v7_startTransition` future flag to opt-in early. For more information, see https://reactrouter.com/v6/upgrading/future#v7_starttransition. @ http://localhost:5173/node_modules/.vite/deps/react-router-dom.js?v=20ae4a60:4435
[  400209ms] [WARNING] Failed to decode downloaded font: http://localhost:5173/fonts/scheherazade-new.woff2 @ http://localhost:5173/settings:0
[  400209ms] [WARNING] OTS parsing error: invalid sfntVersion: 1008821359 @ http://localhost:5173/settings:0
[  400209ms] [WARNING] Failed to decode downloaded font: http://localhost:5173/fonts/noto-naskh-arabic-variable.woff2 @ http://localhost:5173/settings:0
[  400209ms] [WARNING] OTS parsing error: invalid sfntVersion: 1008821359 @ http://localhost:5173/settings:0
[  400217ms] [WARNING] ⚠️ React Router Future Flag Warning: React Router will begin wrapping state updates in `React.startTransition` in v7. You can use the `v7_startTransition` future flag to opt-in early. For more information, see https://reactrouter.com/v6/upgrading/future#v7_starttransition. @ http://localhost:5173/node_modules/.vite/deps/react-router-dom.js?v=20ae4a60:4435
